<?xml version="1.0" encoding="UTF-8"?>
<testsuite xmlns:xsi="http://www.w3.org/2001/XMLSchema-instance" xsi:noNamespaceSchemaLocation="https://maven.apache.org/surefire/maven-surefire-plugin/xsd/surefire-test-report.xsd" version="3.0.2" name="com.mycompany.UserControllerTest" time="7.942" tests="1" errors="0" skipped="0" failures="0">
  <properties>
[...]
</properties>
  <testcase name="testLoginEndpoint" classname="com.mycompany.UserControllerTest" time="1.195">
    <system-out><![CDATA[2024-11-03 16:01:33,763 WARN  [io.qua.config] (main) Unrecognized configuration key "quarkus.mailer.starttls" was provided; it will be ignored; verify that the dependency extension for this configuration is set or that you did not make a typo
2024-11-03 16:01:33,764 WARN  [io.qua.config] (main) Unrecognized configuration key "quarkus.http.cors.allow-credentials" was provided; it will be ignored; verify that the dependency extension for this configuration is set or that you did not make a typo
2024-11-03 16:01:33,765 WARN  [io.qua.config] (main) Unrecognized configuration key "quarkus.security.enabled" was provided; it will be ignored; verify that the dependency extension for this configuration is set or that you did not make a typo
2024-11-03 16:01:37,408 INFO  [io.quarkus] (main) class-booking-app-backend 1.0.0-SNAPSHOT on JVM (powered by Quarkus 3.14.1) started in 5.258s. Listening on: http://localhost:8081
2024-11-03 16:01:37,409 INFO  [io.quarkus] (main) Profile test activated. 
2024-11-03 16:01:37,409 INFO  [io.quarkus] (main) Installed features: [agroal, cdi, hibernate-orm, hibernate-orm-panache, hibernate-validator, jdbc-postgresql, mailer, narayana-jta, qute, rest, rest-jackson, security, security-jpa, smallrye-context-propagation, smallrye-openapi, swagger-ui, vertx]
2024-11-03 16:01:38,381 INFO  [io.qua.htt.access-log] (executor-thread-1) 127.0.0.1 - - [03/Nov/2024:16:01:38 +0100] "POST /auth/login HTTP/1.1" 200 184
]]></system-out>
  </testcase>
</testsuite>